C:\Users\martu\Documents\dot net projects\webAPI\Client\angular-client\dist\out-tsc\e2e\src\app.po.js
C:\Users\martu\Documents\dot net projects\webAPI\Client\angular-client\dist\out-tsc\e2e\src\app.po.js.map
C:\Users\martu\Documents\dot net projects\webAPI\Client\angular-client\dist\out-tsc\e2e\src\app.e2e-spec.js
C:\Users\martu\Documents\dot net projects\webAPI\Client\angular-client\dist\out-tsc\e2e\src\app.e2e-spec.js.map
C:\Users\martu\Documents\dot net projects\webAPI\Client\angular-client\dist\out-tsc\src\app\components\notepad\notepad.component.js
C:\Users\martu\Documents\dot net projects\webAPI\Client\angular-client\dist\out-tsc\src\app\components\notepad\notepad.component.js.map
C:\Users\martu\Documents\dot net projects\webAPI\Client\angular-client\dist\out-tsc\src\app\app-routing.module.js
C:\Users\martu\Documents\dot net projects\webAPI\Client\angular-client\dist\out-tsc\src\app\app-routing.module.js.map
C:\Users\martu\Documents\dot net projects\webAPI\Client\angular-client\dist\out-tsc\src\app\app.component.js
C:\Users\martu\Documents\dot net projects\webAPI\Client\angular-client\dist\out-tsc\src\app\app.component.js.map
C:\Users\martu\Documents\dot net projects\webAPI\Client\angular-client\dist\out-tsc\src\app\app.module.js
C:\Users\martu\Documents\dot net projects\webAPI\Client\angular-client\dist\out-tsc\src\app\app.module.js.map
C:\Users\martu\Documents\dot net projects\webAPI\Client\angular-client\dist\out-tsc\src\environments\environment.js
C:\Users\martu\Documents\dot net projects\webAPI\Client\angular-client\dist\out-tsc\src\environments\environment.js.map
C:\Users\martu\Documents\dot net projects\webAPI\Client\angular-client\dist\out-tsc\src\main.js
C:\Users\martu\Documents\dot net projects\webAPI\Client\angular-client\dist\out-tsc\src\main.js.map
C:\Users\martu\Documents\dot net projects\webAPI\Client\angular-client\dist\out-tsc\src\polyfills.js
C:\Users\martu\Documents\dot net projects\webAPI\Client\angular-client\dist\out-tsc\src\polyfills.js.map
C:\Users\martu\Documents\dot net projects\webAPI\Client\angular-client\dist\out-tsc\src\test.js
C:\Users\martu\Documents\dot net projects\webAPI\Client\angular-client\dist\out-tsc\src\test.js.map
C:\Users\martu\Documents\dot net projects\webAPI\Client\angular-client\dist\out-tsc\src\app\app.component.spec.js
C:\Users\martu\Documents\dot net projects\webAPI\Client\angular-client\dist\out-tsc\src\app\app.component.spec.js.map
C:\Users\martu\Documents\dot net projects\webAPI\Client\angular-client\dist\out-tsc\src\app\components\notepad\notepad.component.spec.js
C:\Users\martu\Documents\dot net projects\webAPI\Client\angular-client\dist\out-tsc\src\app\components\notepad\notepad.component.spec.js.map
C:\Users\martu\Documents\dot net projects\webAPI\Client\angular-client\dist\out-tsc\src\environments\environment.prod.js
C:\Users\martu\Documents\dot net projects\webAPI\Client\angular-client\dist\out-tsc\src\environments\environment.prod.js.map
